<?xml version="1.0" encoding="UTF-8"?>
<!-- Generated by org.testng.reporters.JUnitReportReporter -->
<testsuite hostname="DESKTOP-EDQM8R1" failures="0" tests="1" name="GitJenkComLine.GitJenkComLine.CommandLineClass" time="0.000" errors="0" timestamp="2022-10-03T13:00:18 CDT" skipped="1">
  <testcase classname="GitJenkComLine.GitJenkComLine.CommandLineClass" name="search" time="0.000">
    <skipped/>
  </testcase> <!-- search -->
  <system-out/>
</testsuite> <!-- GitJenkComLine.GitJenkComLine.CommandLineClass -->
