<?xml version="1.0" encoding="UTF-8"?>
<!-- Generated by org.testng.reporters.JUnitReportReporter -->
<testsuite hostname="DESKTOP-EDQM8R1" failures="0" tests="1" name="GitJenkComLine.GitJenkComLine.JenkinsPractice" time="0.169" errors="0" timestamp="2022-10-03T13:09:31 CDT" skipped="0">
  <testcase classname="GitJenkComLine.GitJenkComLine.JenkinsPractice" name="search" time="0.169"/>
  <system-out/>
</testsuite> <!-- GitJenkComLine.GitJenkComLine.JenkinsPractice -->
